<?xml version="1.0" encoding="UTF-8"?>
<beans xmlns="http://www.springframework.org/schema/beans"
    xmlns:xsi="http://www.w3.org/2001/XMLSchema-instance"
    xmlns:context="http://www.springframework.org/schema/context"
    xmlns:dubbo="http://code.alibabatech.com/schema/dubbo"
    xmlns:util="http://www.springframework.org/schema/util"
    xsi:schemaLocation="http://www.springframework.org/schema/beans
        http://www.springframework.org/schema/beans/spring-beans.xsd
        http://www.springframework.org/schema/context
        http://www.springframework.org/schema/context/spring-context.xsd
        http://code.alibabatech.com/schema/dubbo
        http://code.alibabatech.com/schema/dubbo/dubbo.xsd
        http://www.springframework.org/schema/util
        http://www.springframework.org/schema/util/spring-util.xsd">
     
    <context:component-scan base-package="com.zhiyou100.auth.test" />
       
   	<context:property-placeholder location="classpath:dubbo.properties"/>
       
	<dubbo:application name="${dubbo.application.name}"  />
	<dubbo:registry protocol="zookeeper" address="${dubbo.registry.address}" />
	
	<dubbo:reference id="memberInstance" interface="com.zhiyou100.auth.service.MemberServiceXPH" 
		version="${dubbo.interface.version}" />
</beans>